seed:  4246965110189982529
seed:  6028894856612251842
seed:  -4322308899363359709
seed:  -7517627671939553696
seed:  3634626879314250970
seed:  -4902355652716686482
seed:  -1501252628656990548
seed:  5100042177102234111
seed:  2214595694575844333
seed:  -9057974959053493543
seed:  -7462295544235315776
seed:  -6184110993704466484
seed:  -6440311245414650088
seed:  8577317956091564298
seed:  8670907700293840092
seed:  -1900307669795405919
seed:  -8677555623526622706
seed:  8147411216930870929
seed:  4176039437966620868
seed:  -627983071951972140
seed:  -1571265963645542110
seed:  -6740098240318461759
seed:  3145207480294056367
seed:  -6080268156176690534
seed:  1531455256586919254
seed:  -2118446606959213762
seed:  8701593478885643801
seed:  -900570403670365430
seed:  -7909876562074117591
seed:  -1160202238572312340
seed:  854764965366736630
seed:  -327095813362235340
seed:  -1955371884499020280
seed:  -1980579751047520704
seed:  -7029818934109228669
seed:  -6931764499915150296
seed:  2858752553194334387
seed:  4597011564283724552
seed:  -2153353453674172087
seed:  -910556779996945754
1000000
job queue:  387 / 400
time cost:  6.061804875s
2000000
job queue:  212 / 400
time cost:  6.10725725s
3000000
job queue:  0 / 400
time cost:  6.516307708s
4000000
job queue:  261 / 400
time cost:  5.867018458s
